2017-04-10 21:18:54,528 INFO [org.bit.linc.web.commons.StartWeb] - starting Sysimple in port:3000
2017-04-10 21:18:54,565 INFO [org.eclipse.jetty.util.log] - Logging initialized @246ms
2017-04-10 21:18:54,687 INFO [org.eclipse.jetty.server.Server] - jetty-9.2.7.v20150116
2017-04-10 21:18:54,945 INFO [org.eclipse.jetty.webapp.StandardDescriptorProcessor] - NO JSP Support for /, did not find org.eclipse.jetty.jsp.JettyJspServlet
2017-04-10 21:18:55,000 INFO [org.eclipse.jetty.server.handler.ContextHandler] - Started o.e.j.w.WebAppContext@61d38439{/,file:/D:/Users/Ethan/EclipseWorkspace/sysimple/web/src/main/webapp/,AVAILABLE}{src/main/webapp}
2017-04-10 21:18:55,030 INFO [org.eclipse.jetty.server.ServerConnector] - Started ServerConnector@55e95e9e{HTTP/1.1}{0.0.0.0:3000}
2017-04-10 21:18:55,030 INFO [org.eclipse.jetty.server.Server] - Started @718ms
2017-04-10 21:18:55,031 INFO [org.bit.linc.web.commons.EmbeddedServer] - ********************************************************
2017-04-10 21:18:55,031 INFO [org.bit.linc.web.commons.EmbeddedServer] - The SySimple Has Started !!!
2017-04-10 21:31:44,262 INFO [org.bit.linc.web.commons.StartWeb] - starting Sysimple in port:3000
2017-04-10 21:31:44,318 INFO [org.eclipse.jetty.util.log] - Logging initialized @259ms
2017-04-10 21:31:44,502 INFO [org.eclipse.jetty.server.Server] - jetty-9.2.7.v20150116
2017-04-10 21:31:44,848 INFO [org.eclipse.jetty.webapp.StandardDescriptorProcessor] - NO JSP Support for /, did not find org.eclipse.jetty.jsp.JettyJspServlet
2017-04-10 21:31:44,926 INFO [org.eclipse.jetty.server.handler.ContextHandler] - Started o.e.j.w.WebAppContext@37cb63fd{/,file:/D:/Users/Ethan/EclipseWorkspace/sysimple/web/src/main/webapp/,AVAILABLE}{src/main/webapp}
2017-04-10 21:31:44,959 INFO [org.eclipse.jetty.server.ServerConnector] - Started ServerConnector@423faa8d{HTTP/1.1}{0.0.0.0:3000}
2017-04-10 21:31:44,959 INFO [org.eclipse.jetty.server.Server] - Started @907ms
2017-04-10 21:31:44,959 INFO [org.bit.linc.web.commons.EmbeddedServer] - ********************************************************
2017-04-10 21:31:44,960 INFO [org.bit.linc.web.commons.EmbeddedServer] - The SySimple Has Started !!!
2017-04-10 21:33:25,644 INFO [org.bit.linc.web.commons.StartWeb] - starting Sysimple in port:3000
2017-04-10 21:33:25,684 INFO [org.eclipse.jetty.util.log] - Logging initialized @257ms
2017-04-10 21:33:25,794 INFO [org.eclipse.jetty.server.Server] - jetty-9.2.7.v20150116
2017-04-10 21:33:26,086 INFO [org.eclipse.jetty.webapp.StandardDescriptorProcessor] - NO JSP Support for /, did not find org.eclipse.jetty.jsp.JettyJspServlet
2017-04-10 21:33:26,154 INFO [org.eclipse.jetty.server.handler.ContextHandler] - Started o.e.j.w.WebAppContext@28988edd{/,file:/D:/Users/Ethan/EclipseWorkspace/sysimple/web/src/main/webapp/,AVAILABLE}{src/main/webapp}
2017-04-10 21:33:26,197 INFO [org.eclipse.jetty.server.ServerConnector] - Started ServerConnector@423faa8d{HTTP/1.1}{0.0.0.0:3000}
2017-04-10 21:33:26,197 INFO [org.eclipse.jetty.server.Server] - Started @777ms
2017-04-10 21:33:26,197 INFO [org.bit.linc.web.commons.EmbeddedServer] - ********************************************************
2017-04-10 21:33:26,198 INFO [org.bit.linc.web.commons.EmbeddedServer] - The SySimple Has Started !!!
2017-04-10 21:34:47,201 INFO [org.bit.linc.web.commons.StartWeb] - starting Sysimple in port:3000
2017-04-10 21:34:47,239 INFO [org.eclipse.jetty.util.log] - Logging initialized @249ms
2017-04-10 21:34:47,351 INFO [org.eclipse.jetty.server.Server] - jetty-9.2.7.v20150116
2017-04-10 21:34:47,538 INFO [org.eclipse.jetty.webapp.StandardDescriptorProcessor] - NO JSP Support for /, did not find org.eclipse.jetty.jsp.JettyJspServlet
2017-04-10 21:34:47,581 INFO [org.eclipse.jetty.server.handler.ContextHandler] - Started o.e.j.w.WebAppContext@61d38439{/,file:/D:/Users/Ethan/EclipseWorkspace/sysimple/web/src/main/webapp/,AVAILABLE}{src/main/webapp}
2017-04-10 21:34:47,611 INFO [org.eclipse.jetty.server.ServerConnector] - Started ServerConnector@55e95e9e{HTTP/1.1}{0.0.0.0:3000}
2017-04-10 21:34:47,612 INFO [org.eclipse.jetty.server.Server] - Started @629ms
2017-04-10 21:34:47,612 INFO [org.bit.linc.web.commons.EmbeddedServer] - ********************************************************
2017-04-10 21:34:47,612 INFO [org.bit.linc.web.commons.EmbeddedServer] - The SySimple Has Started !!!
